2019-10-30 06:00:01.471 >>> climate start
2019-10-30 06:00:01.686 Access-Token ok
2019-10-30 06:00:01.686 --------------------------------------------------------------------------------
2019-10-30 06:00:01.687 url = https://owner-api.teslamotors.com/api/1/vehicles
2019-10-30 06:00:02.462 status = ok
2019-10-30 06:00:02.476 id                        = 12345678901234567
2019-10-30 06:00:02.477 vehicle_id                = 987654321
2019-10-30 06:00:02.477 vin                       = 5YJ3E7EA0KF456789
2019-10-30 06:00:02.477 display_name              = MyCar
2019-10-30 06:00:02.477 option_codes              = AD15,MDL3,PBSB,RENA,BT37,ID3W,RF3G,S3PB,DRLH,DV2W,W39B,APF0,COUS,BC3B,CH07,PC30,FC3P,FG31,GLFR,HL31,HM31,IL31,LTPB,MR31,FM3B,RS3H,SA3P,STCP,SC04,SU3C,T3CA,TW00,TM00,UT3P,WR00,AU3P,APH3,AF00,ZCST,MI00,CDM0
2019-10-30 06:00:02.478 color                     = null
2019-10-30 06:00:02.478 tokens                    = 61cee966c4f3ab26 c82771d88794daf2
2019-10-30 06:00:02.478 state                     = asleep
2019-10-30 06:00:02.479 in_service                = false
2019-10-30 06:00:02.479 id_s                      = 12345678901234567
2019-10-30 06:00:02.479 calendar_enabled          = true
2019-10-30 06:00:02.479 api_version               = 6
2019-10-30 06:00:02.480 backseat_token            = null
2019-10-30 06:00:02.480 backseat_token_updated_at = null
2019-10-30 06:00:02.481 --------------------------------------------------------------------------------
2019-10-30 06:00:02.481 url = https://owner-api.teslamotors.com/api/1/vehicles/12345678901234567/wake_up
2019-10-30 06:00:03.698 status = ok
2019-10-30 06:00:03.704 data = response {id 12345678901234567 user_id 996932 vehicle_id 987654321 vin 5YJ3E7EA0KF456789 display_name MyCar option_codes AD15,MDL3,PBSB,RENA,BT37,ID3W,RF3G,S3PB,DRLH,DV2W,W39B,APF0,COUS,BC3B,CH07,PC30,FC3P,FG31,GLFR,HL31,HM31,IL31,LTPB,MR31,FM3B,RS3H,SA3P,STCP,SC04,SU3C,T3CA,TW00,TM00,UT3P,WR00,AU3P,APH3,AF00,ZCST,MI00,CDM0 color null tokens {61cee966c4f3ab26 c82771d88794daf2} state asleep in_service false id_s 12345678901234567 calendar_enabled true api_version 6 backseat_token null backseat_token_updated_at null}
2019-10-30 06:00:03.705 >>> waiting 10000 ms ...
2019-10-30 06:00:13.706 --------------------------------------------------------------------------------
2019-10-30 06:00:13.707 url = https://owner-api.teslamotors.com/api/1/vehicles/12345678901234567
2019-10-30 06:00:14.736 status = ok
2019-10-30 06:00:14.742 data = response {id 12345678901234567 vehicle_id 987654321 vin 5YJ3E7EA0KF456789 display_name MyCar option_codes AD15,MDL3,PBSB,RENA,BT37,ID3W,RF3G,S3PB,DRLH,DV2W,W39B,APF0,COUS,BC3B,CH07,PC30,FC3P,FG31,GLFR,HL31,HM31,IL31,LTPB,MR31,FM3B,RS3H,SA3P,STCP,SC04,SU3C,T3CA,TW00,TM00,UT3P,WR00,AU3P,APH3,AF00,ZCST,MI00,CDM0 color null tokens {61cee966c4f3ab26 c82771d88794daf2} state online in_service false id_s 12345678901234567 calendar_enabled true api_version 6 backseat_token null backseat_token_updated_at null}
2019-10-30 06:00:14.743 id                        = 12345678901234567
2019-10-30 06:00:14.744 vehicle_id                = 987654321
2019-10-30 06:00:14.744 vin                       = 5YJ3E7EA0KF456789
2019-10-30 06:00:14.744 display_name              = MyCar
2019-10-30 06:00:14.745 option_codes              = AD15,MDL3,PBSB,RENA,BT37,ID3W,RF3G,S3PB,DRLH,DV2W,W39B,APF0,COUS,BC3B,CH07,PC30,FC3P,FG31,GLFR,HL31,HM31,IL31,LTPB,MR31,FM3B,RS3H,SA3P,STCP,SC04,SU3C,T3CA,TW00,TM00,UT3P,WR00,AU3P,APH3,AF00,ZCST,MI00,CDM0
2019-10-30 06:00:14.745 color                     = null
2019-10-30 06:00:14.745 tokens                    = 61cee966c4f3ab26 c82771d88794daf2
2019-10-30 06:00:14.745 state                     = online
2019-10-30 06:00:14.746 in_service                = false
2019-10-30 06:00:14.746 id_s                      = 12345678901234567
2019-10-30 06:00:14.746 calendar_enabled          = true
2019-10-30 06:00:14.747 api_version               = 6
2019-10-30 06:00:14.747 backseat_token            = null
2019-10-30 06:00:14.747 backseat_token_updated_at = null
2019-10-30 06:00:14.748 --------------------------------------------------------------------------------
2019-10-30 06:00:14.748 url = https://owner-api.teslamotors.com/api/1/vehicles/12345678901234567/data_request/climate_state
2019-10-30 06:00:15.898 status = ok
2019-10-30 06:00:15.907 data = response {battery_heater false battery_heater_no_power null climate_keeper_mode off defrost_mode 0 driver_temp_setting 19.0 fan_status 0 inside_temp 5.7 is_auto_conditioning_on false is_climate_on false is_front_defroster_on false is_preconditioning false is_rear_defroster_on false left_temp_direction 0 max_avail_temp 28.0 min_avail_temp 15.0 outside_temp 1.0 passenger_temp_setting 19.0 remote_heater_control_enabled false right_temp_direction 0 seat_heater_left 0 seat_heater_right 0 side_mirror_heaters false smart_preconditioning false timestamp 1572411614934 wiper_blade_heater false}
2019-10-30 06:00:15.910 battery_heater                = false
2019-10-30 06:00:15.910 battery_heater_no_power       = null
2019-10-30 06:00:15.910 climate_keeper_mode           = off
2019-10-30 06:00:15.911 defrost_mode                  = 0
2019-10-30 06:00:15.911 driver_temp_setting           = 19.0
2019-10-30 06:00:15.911 fan_status                    = 0
2019-10-30 06:00:15.911 inside_temp                   = 5.7
2019-10-30 06:00:15.912 is_auto_conditioning_on       = false
2019-10-30 06:00:15.912 is_climate_on                 = false
2019-10-30 06:00:15.912 is_front_defroster_on         = false
2019-10-30 06:00:15.913 is_preconditioning            = false
2019-10-30 06:00:15.913 is_rear_defroster_on          = false
2019-10-30 06:00:15.913 left_temp_direction           = 0
2019-10-30 06:00:15.913 max_avail_temp                = 28.0
2019-10-30 06:00:15.914 min_avail_temp                = 15.0
2019-10-30 06:00:15.914 outside_temp                  = 1.0
2019-10-30 06:00:15.914 passenger_temp_setting        = 19.0
2019-10-30 06:00:15.915 remote_heater_control_enabled = false
2019-10-30 06:00:15.915 right_temp_direction          = 0
2019-10-30 06:00:15.915 seat_heater_left              = 0
2019-10-30 06:00:15.915 seat_heater_right             = 0
2019-10-30 06:00:15.916 side_mirror_heaters           = false
2019-10-30 06:00:15.916 smart_preconditioning         = false
2019-10-30 06:00:15.916 timestamp                     = 1572411614934
2019-10-30 06:00:15.917 wiper_blade_heater            = false
2019-10-30 06:00:15.917 --------------------------------------------------------------------------------
2019-10-30 06:00:15.917 url = https://owner-api.teslamotors.com/api/1/vehicles/12345678901234567/command/set_temps
2019-10-30 06:00:17.012 status = ok
2019-10-30 06:00:17.014 data = response {reason {} result true}
2019-10-30 06:00:17.014 >>> temperature set to 21.0 °C
2019-10-30 06:00:17.014 --------------------------------------------------------------------------------
2019-10-30 06:00:17.015 url = https://owner-api.teslamotors.com/api/1/vehicles/12345678901234567/command/auto_conditioning_start
2019-10-30 06:00:18.090 status = ok
2019-10-30 06:00:18.092 data = response {reason {} result true}
2019-10-30 06:00:18.092 >>> climate started
2019-10-30 06:00:18.093 --------------------------------------------------------------------------------
2019-10-30 06:00:18.093 url = https://owner-api.teslamotors.com/api/1/vehicles/12345678901234567/data_request/climate_state
2019-10-30 06:00:19.155 status = ok
2019-10-30 06:00:19.166 battery_heater                = false
2019-10-30 06:00:19.167 battery_heater_no_power       = null
2019-10-30 06:00:19.167 climate_keeper_mode           = off
2019-10-30 06:00:19.167 defrost_mode                  = 0
2019-10-30 06:00:19.168 driver_temp_setting           = 21.0
2019-10-30 06:00:19.168 fan_status                    = 0
2019-10-30 06:00:19.168 inside_temp                   = -0.2
2019-10-30 06:00:19.168 is_auto_conditioning_on       = false
2019-10-30 06:00:19.169 is_climate_on                 = true
2019-10-30 06:00:19.169 is_front_defroster_on         = true
2019-10-30 06:00:19.169 is_preconditioning            = true
2019-10-30 06:00:19.170 is_rear_defroster_on          = true
2019-10-30 06:00:19.170 left_temp_direction           = 656
2019-10-30 06:00:19.170 max_avail_temp                = 28.0
2019-10-30 06:00:19.171 min_avail_temp                = 15.0
2019-10-30 06:00:19.171 outside_temp                  = 1.0
2019-10-30 06:00:19.171 passenger_temp_setting        = 21.0
2019-10-30 06:00:19.171 remote_heater_control_enabled = true
2019-10-30 06:00:19.172 right_temp_direction          = 656
2019-10-30 06:00:19.172 seat_heater_left              = 1
2019-10-30 06:00:19.172 seat_heater_right             = 0
2019-10-30 06:00:19.173 side_mirror_heaters           = true
2019-10-30 06:00:19.173 smart_preconditioning         = false
2019-10-30 06:00:19.173 timestamp                     = 1572411618352
2019-10-30 06:00:19.173 wiper_blade_heater            = true
2019-10-30 06:00:19.174 >>> climate finished
